{"contracts/interfaces/IERC20.sol":{"l":{},"path":"/Users/lock/defi/accu-finance/accu-token/contracts/interfaces/IERC20.sol","s":{},"b":{},"f":{},"fnMap":{},"statementMap":{},"branchMap":{}},"contracts/interfaces/IERC20Detailed.sol":{"l":{},"path":"/Users/lock/defi/accu-finance/accu-token/contracts/interfaces/IERC20Detailed.sol","s":{},"b":{},"f":{},"fnMap":{},"statementMap":{},"branchMap":{}},"contracts/interfaces/IGovernancePowerDelegationToken.sol":{"l":{},"path":"/Users/lock/defi/accu-finance/accu-token/contracts/interfaces/IGovernancePowerDelegationToken.sol","s":{},"b":{},"f":{},"fnMap":{},"statementMap":{},"branchMap":{}},"contracts/interfaces/ITransferHook.sol":{"l":{},"path":"/Users/lock/defi/accu-finance/accu-token/contracts/interfaces/ITransferHook.sol","s":{},"b":{},"f":{},"fnMap":{},"statementMap":{},"branchMap":{}},"contracts/mock/MockAccuTokenV2.sol":{"l":{"78":0,"80":0,"81":0,"82":0,"90":0,"91":0,"92":0,"99":1,"116":0,"117":0,"119":0,"126":0,"127":0,"129":0,"137":0,"138":0,"139":0,"153":0,"154":0,"156":0,"183":0,"186":0,"187":0,"188":0,"189":0,"190":0,"191":0,"211":0,"212":0,"213":0,"214":0,"215":0,"216":0,"217":0,"218":0},"path":"/Users/lock/defi/accu-finance/accu-token/contracts/mock/MockAccuTokenV2.sol","s":{"1":0,"2":0,"3":0,"4":0,"5":0,"6":0,"7":0,"8":1,"9":0,"10":0,"11":0,"12":0,"13":0,"14":0,"15":0,"16":0,"17":0,"18":0,"19":0,"20":0,"21":0,"22":0,"23":0,"24":0,"25":0,"26":0,"27":0,"28":0,"29":0,"30":0,"31":0,"32":0,"33":0,"34":0,"35":0},"b":{"1":[0,0],"2":[0,0],"3":[0,0],"4":[0,0],"5":[0,0],"6":[0,0],"7":[0,0],"8":[0,0],"9":[0,0],"10":[0,0],"11":[0,0]},"f":{"1":3,"2":1,"3":0,"4":1,"5":0,"6":0,"7":0,"8":0},"fnMap":{"1":{"name":"constructor","line":51,"loc":{"start":{"line":51,"column":2},"end":{"line":51,"column":44}}},"2":{"name":"initialize","line":56,"loc":{"start":{"line":56,"column":2},"end":{"line":56,"column":46}}},"3":{"name":"permit","line":69,"loc":{"start":{"line":69,"column":2},"end":{"line":93,"column":2}}},"4":{"name":"getRevision","line":98,"loc":{"start":{"line":98,"column":2},"end":{"line":100,"column":2}}},"5":{"name":"_beforeTokenTransfer","line":111,"loc":{"start":{"line":111,"column":2},"end":{"line":141,"column":2}}},"6":{"name":"_getDelegationDataByType","line":143,"loc":{"start":{"line":143,"column":2},"end":{"line":162,"column":2}}},"7":{"name":"delegateByTypeBySig","line":174,"loc":{"start":{"line":174,"column":2},"end":{"line":192,"column":2}}},"8":{"name":"delegateBySig","line":203,"loc":{"start":{"line":203,"column":2},"end":{"line":219,"column":2}}}},"statementMap":{"1":{"start":{"line":78,"column":4},"end":{"line":78,"column":48}},"2":{"start":{"line":80,"column":4},"end":{"line":80,"column":61}},"3":{"start":{"line":81,"column":4},"end":{"line":81,"column":46}},"4":{"start":{"line":82,"column":4},"end":{"line":82,"column":3006}},"5":{"start":{"line":90,"column":4},"end":{"line":90,"column":68}},"6":{"start":{"line":91,"column":4},"end":{"line":91,"column":44}},"7":{"start":{"line":92,"column":4},"end":{"line":92,"column":34}},"8":{"start":{"line":99,"column":4},"end":{"line":99,"column":19}},"9":{"start":{"line":116,"column":4},"end":{"line":116,"column":71}},"10":{"start":{"line":117,"column":4},"end":{"line":117,"column":67}},"11":{"start":{"line":119,"column":4},"end":{"line":119,"column":4154}},"12":{"start":{"line":126,"column":4},"end":{"line":126,"column":84}},"13":{"start":{"line":127,"column":4},"end":{"line":127,"column":80}},"14":{"start":{"line":129,"column":4},"end":{"line":129,"column":4457}},"15":{"start":{"line":137,"column":4},"end":{"line":137,"column":50}},"16":{"start":{"line":138,"column":4},"end":{"line":138,"column":4727}},"17":{"start":{"line":139,"column":6},"end":{"line":139,"column":48}},"18":{"start":{"line":153,"column":4},"end":{"line":153,"column":5158}},"19":{"start":{"line":154,"column":6},"end":{"line":154,"column":73}},"20":{"start":{"line":156,"column":6},"end":{"line":156,"column":5308}},"21":{"start":{"line":183,"column":4},"end":{"line":183,"column":6116}},"22":{"start":{"line":186,"column":4},"end":{"line":186,"column":90}},"23":{"start":{"line":187,"column":4},"end":{"line":187,"column":50}},"24":{"start":{"line":188,"column":4},"end":{"line":188,"column":56}},"25":{"start":{"line":189,"column":4},"end":{"line":189,"column":58}},"26":{"start":{"line":190,"column":4},"end":{"line":190,"column":59}},"27":{"start":{"line":191,"column":4},"end":{"line":191,"column":56}},"28":{"start":{"line":211,"column":4},"end":{"line":211,"column":91}},"29":{"start":{"line":212,"column":4},"end":{"line":212,"column":90}},"30":{"start":{"line":213,"column":4},"end":{"line":213,"column":50}},"31":{"start":{"line":214,"column":4},"end":{"line":214,"column":56}},"32":{"start":{"line":215,"column":4},"end":{"line":215,"column":58}},"33":{"start":{"line":216,"column":4},"end":{"line":216,"column":59}},"34":{"start":{"line":217,"column":4},"end":{"line":217,"column":69}},"35":{"start":{"line":218,"column":4},"end":{"line":218,"column":74}}},"branchMap":{"1":{"line":78,"type":"if","locations":[{"start":{"line":78,"column":4},"end":{"line":78,"column":4}},{"start":{"line":78,"column":4},"end":{"line":78,"column":4}}]},"2":{"line":80,"type":"if","locations":[{"start":{"line":80,"column":4},"end":{"line":80,"column":4}},{"start":{"line":80,"column":4},"end":{"line":80,"column":4}}]},"3":{"line":90,"type":"if","locations":[{"start":{"line":90,"column":4},"end":{"line":90,"column":4}},{"start":{"line":90,"column":4},"end":{"line":90,"column":4}}]},"4":{"line":138,"type":"if","locations":[{"start":{"line":138,"column":4},"end":{"line":138,"column":4}},{"start":{"line":138,"column":4},"end":{"line":138,"column":4}}]},"5":{"line":153,"type":"if","locations":[{"start":{"line":153,"column":4},"end":{"line":153,"column":4}},{"start":{"line":153,"column":4},"end":{"line":153,"column":4}}]},"6":{"line":188,"type":"if","locations":[{"start":{"line":188,"column":4},"end":{"line":188,"column":4}},{"start":{"line":188,"column":4},"end":{"line":188,"column":4}}]},"7":{"line":189,"type":"if","locations":[{"start":{"line":189,"column":4},"end":{"line":189,"column":4}},{"start":{"line":189,"column":4},"end":{"line":189,"column":4}}]},"8":{"line":190,"type":"if","locations":[{"start":{"line":190,"column":4},"end":{"line":190,"column":4}},{"start":{"line":190,"column":4},"end":{"line":190,"column":4}}]},"9":{"line":214,"type":"if","locations":[{"start":{"line":214,"column":4},"end":{"line":214,"column":4}},{"start":{"line":214,"column":4},"end":{"line":214,"column":4}}]},"10":{"line":215,"type":"if","locations":[{"start":{"line":215,"column":4},"end":{"line":215,"column":4}},{"start":{"line":215,"column":4},"end":{"line":215,"column":4}}]},"11":{"line":216,"type":"if","locations":[{"start":{"line":216,"column":4},"end":{"line":216,"column":4}},{"start":{"line":216,"column":4},"end":{"line":216,"column":4}}]}}},"contracts/token/AccuToken.sol":{"l":{"61":1,"64":1,"68":1,"77":1,"78":1,"79":1,"81":1,"104":9,"106":8,"107":6,"108":6,"116":6,"117":2,"118":2,"125":1,"142":8,"143":8,"145":8,"152":8,"153":8,"155":8,"163":8,"164":8,"165":0,"179":110,"180":55,"182":55,"209":5,"212":5,"213":5,"214":5,"215":4,"216":3,"217":2,"237":4,"238":4,"239":4,"240":4,"241":3,"242":2,"243":1,"244":1},"path":"/Users/lock/defi/accu-finance/accu-token/contracts/token/AccuToken.sol","s":{"1":1,"2":1,"3":1,"4":1,"5":1,"6":1,"7":9,"8":8,"9":6,"10":6,"11":6,"12":2,"13":2,"14":1,"15":8,"16":8,"17":8,"18":8,"19":8,"20":8,"21":8,"22":8,"23":0,"24":110,"25":55,"26":55,"27":5,"28":5,"29":5,"30":5,"31":4,"32":3,"33":2,"34":4,"35":4,"36":4,"37":4,"38":3,"39":2,"40":1,"41":1},"b":{"1":[8,1],"2":[6,2],"3":[2,4],"4":[0,8],"5":[55,55],"6":[4,1],"7":[3,1],"8":[2,1],"9":[3,1],"10":[2,1],"11":[1,1]},"f":{"1":3,"2":1,"3":9,"4":1,"5":8,"6":110,"7":5,"8":4},"fnMap":{"1":{"name":"constructor","line":55,"loc":{"start":{"line":55,"column":2},"end":{"line":55,"column":44}}},"2":{"name":"initialize","line":60,"loc":{"start":{"line":60,"column":2},"end":{"line":82,"column":2}}},"3":{"name":"permit","line":95,"loc":{"start":{"line":95,"column":2},"end":{"line":119,"column":2}}},"4":{"name":"getRevision","line":124,"loc":{"start":{"line":124,"column":2},"end":{"line":126,"column":2}}},"5":{"name":"_beforeTokenTransfer","line":137,"loc":{"start":{"line":137,"column":2},"end":{"line":167,"column":2}}},"6":{"name":"_getDelegationDataByType","line":169,"loc":{"start":{"line":169,"column":2},"end":{"line":188,"column":2}}},"7":{"name":"delegateByTypeBySig","line":200,"loc":{"start":{"line":200,"column":2},"end":{"line":218,"column":2}}},"8":{"name":"delegateBySig","line":229,"loc":{"start":{"line":229,"column":2},"end":{"line":245,"column":2}}}},"statementMap":{"1":{"start":{"line":61,"column":4},"end":{"line":61,"column":19}},"2":{"start":{"line":68,"column":4},"end":{"line":68,"column":2489}},"3":{"start":{"line":77,"column":4},"end":{"line":77,"column":15}},"4":{"start":{"line":78,"column":4},"end":{"line":78,"column":19}},"5":{"start":{"line":79,"column":4},"end":{"line":79,"column":27}},"6":{"start":{"line":81,"column":4},"end":{"line":81,"column":42}},"7":{"start":{"line":104,"column":4},"end":{"line":104,"column":48}},"8":{"start":{"line":106,"column":4},"end":{"line":106,"column":61}},"9":{"start":{"line":107,"column":4},"end":{"line":107,"column":46}},"10":{"start":{"line":108,"column":4},"end":{"line":108,"column":3587}},"11":{"start":{"line":116,"column":4},"end":{"line":116,"column":68}},"12":{"start":{"line":117,"column":4},"end":{"line":117,"column":44}},"13":{"start":{"line":118,"column":4},"end":{"line":118,"column":34}},"14":{"start":{"line":125,"column":4},"end":{"line":125,"column":19}},"15":{"start":{"line":142,"column":4},"end":{"line":142,"column":71}},"16":{"start":{"line":143,"column":4},"end":{"line":143,"column":67}},"17":{"start":{"line":145,"column":4},"end":{"line":145,"column":4735}},"18":{"start":{"line":152,"column":4},"end":{"line":152,"column":84}},"19":{"start":{"line":153,"column":4},"end":{"line":153,"column":80}},"20":{"start":{"line":155,"column":4},"end":{"line":155,"column":5038}},"21":{"start":{"line":163,"column":4},"end":{"line":163,"column":50}},"22":{"start":{"line":164,"column":4},"end":{"line":164,"column":5308}},"23":{"start":{"line":165,"column":6},"end":{"line":165,"column":48}},"24":{"start":{"line":179,"column":4},"end":{"line":179,"column":5739}},"25":{"start":{"line":180,"column":6},"end":{"line":180,"column":73}},"26":{"start":{"line":182,"column":6},"end":{"line":182,"column":5889}},"27":{"start":{"line":209,"column":4},"end":{"line":209,"column":6697}},"28":{"start":{"line":212,"column":4},"end":{"line":212,"column":90}},"29":{"start":{"line":213,"column":4},"end":{"line":213,"column":50}},"30":{"start":{"line":214,"column":4},"end":{"line":214,"column":56}},"31":{"start":{"line":215,"column":4},"end":{"line":215,"column":58}},"32":{"start":{"line":216,"column":4},"end":{"line":216,"column":59}},"33":{"start":{"line":217,"column":4},"end":{"line":217,"column":56}},"34":{"start":{"line":237,"column":4},"end":{"line":237,"column":91}},"35":{"start":{"line":238,"column":4},"end":{"line":238,"column":90}},"36":{"start":{"line":239,"column":4},"end":{"line":239,"column":50}},"37":{"start":{"line":240,"column":4},"end":{"line":240,"column":56}},"38":{"start":{"line":241,"column":4},"end":{"line":241,"column":58}},"39":{"start":{"line":242,"column":4},"end":{"line":242,"column":59}},"40":{"start":{"line":243,"column":4},"end":{"line":243,"column":69}},"41":{"start":{"line":244,"column":4},"end":{"line":244,"column":74}}},"branchMap":{"1":{"line":104,"type":"if","locations":[{"start":{"line":104,"column":4},"end":{"line":104,"column":4}},{"start":{"line":104,"column":4},"end":{"line":104,"column":4}}]},"2":{"line":106,"type":"if","locations":[{"start":{"line":106,"column":4},"end":{"line":106,"column":4}},{"start":{"line":106,"column":4},"end":{"line":106,"column":4}}]},"3":{"line":116,"type":"if","locations":[{"start":{"line":116,"column":4},"end":{"line":116,"column":4}},{"start":{"line":116,"column":4},"end":{"line":116,"column":4}}]},"4":{"line":164,"type":"if","locations":[{"start":{"line":164,"column":4},"end":{"line":164,"column":4}},{"start":{"line":164,"column":4},"end":{"line":164,"column":4}}]},"5":{"line":179,"type":"if","locations":[{"start":{"line":179,"column":4},"end":{"line":179,"column":4}},{"start":{"line":179,"column":4},"end":{"line":179,"column":4}}]},"6":{"line":214,"type":"if","locations":[{"start":{"line":214,"column":4},"end":{"line":214,"column":4}},{"start":{"line":214,"column":4},"end":{"line":214,"column":4}}]},"7":{"line":215,"type":"if","locations":[{"start":{"line":215,"column":4},"end":{"line":215,"column":4}},{"start":{"line":215,"column":4},"end":{"line":215,"column":4}}]},"8":{"line":216,"type":"if","locations":[{"start":{"line":216,"column":4},"end":{"line":216,"column":4}},{"start":{"line":216,"column":4},"end":{"line":216,"column":4}}]},"9":{"line":240,"type":"if","locations":[{"start":{"line":240,"column":4},"end":{"line":240,"column":4}},{"start":{"line":240,"column":4},"end":{"line":240,"column":4}}]},"10":{"line":241,"type":"if","locations":[{"start":{"line":241,"column":4},"end":{"line":241,"column":4}},{"start":{"line":241,"column":4},"end":{"line":241,"column":4}}]},"11":{"line":242,"type":"if","locations":[{"start":{"line":242,"column":4},"end":{"line":242,"column":4}},{"start":{"line":242,"column":4},"end":{"line":242,"column":4}}]}}},"contracts/token/base/GovernancePowerDelegationERC20.sol":{"l":{"37":4,"45":5,"46":5,"59":10,"61":10,"75":40,"81":40,"93":16,"99":16,"109":1,"122":18,"124":16,"126":16,"128":16,"130":16,"132":16,"133":16,"149":32,"150":4,"153":28,"159":28,"160":26,"161":26,"163":26,"164":24,"166":2,"169":26,"177":26,"179":28,"180":28,"181":28,"182":28,"183":16,"185":12,"188":28,"196":28,"213":56,"215":54,"217":54,"218":5,"222":49,"223":39,"227":10,"228":2,"231":8,"232":8,"233":8,"234":15,"235":15,"236":15,"237":3,"239":5,"241":7,"244":5,"277":54,"279":54,"280":54,"283":54,"287":4,"289":50,"290":50,"305":58,"307":58,"308":26,"311":32},"path":"/Users/lock/defi/accu-finance/accu-token/contracts/token/base/GovernancePowerDelegationERC20.sol","s":{"1":4,"2":5,"3":5,"4":10,"5":10,"6":40,"7":40,"8":16,"9":16,"10":1,"11":18,"12":16,"13":16,"14":16,"15":16,"16":16,"17":16,"18":32,"19":4,"20":28,"21":28,"22":26,"23":26,"24":26,"25":24,"26":2,"27":26,"28":26,"29":28,"30":28,"31":28,"32":28,"33":16,"34":12,"35":28,"36":28,"37":56,"38":54,"39":54,"40":5,"41":49,"42":39,"43":10,"44":2,"45":8,"46":8,"47":8,"48":15,"49":15,"50":15,"51":3,"52":12,"53":5,"54":7,"55":5,"56":54,"57":54,"58":54,"59":54,"60":4,"61":50,"62":50,"63":58,"64":58,"65":26,"66":32},"b":{"1":[16,2],"2":[4,28],"3":[26,2],"4":[24,2],"5":[28,0],"6":[16,12],"7":[54,2],"8":[5,49],"9":[39,10],"10":[2,8],"11":[3,12],"12":[5,7],"13":[4,50],"14":[26,32]},"f":{"1":4,"2":5,"3":10,"4":40,"5":16,"6":1,"7":18,"8":32,"9":56,"10":54,"11":58},"fnMap":{"1":{"name":"delegateByType","line":36,"loc":{"start":{"line":36,"column":2},"end":{"line":38,"column":2}}},"2":{"name":"delegate","line":44,"loc":{"start":{"line":44,"column":2},"end":{"line":47,"column":2}}},"3":{"name":"getDelegateeByType","line":53,"loc":{"start":{"line":53,"column":2},"end":{"line":62,"column":2}}},"4":{"name":"getPowerCurrent","line":69,"loc":{"start":{"line":69,"column":2},"end":{"line":82,"column":2}}},"5":{"name":"getPowerAtBlock","line":88,"loc":{"start":{"line":88,"column":2},"end":{"line":100,"column":2}}},"6":{"name":"totalSupplyAt","line":108,"loc":{"start":{"line":108,"column":2},"end":{"line":110,"column":2}}},"7":{"name":"_delegateByType","line":117,"loc":{"start":{"line":117,"column":2},"end":{"line":134,"column":2}}},"8":{"name":"_moveDelegatesByType","line":143,"loc":{"start":{"line":143,"column":2},"end":{"line":198,"column":2}}},"9":{"name":"_searchByBlockNumber","line":207,"loc":{"start":{"line":207,"column":2},"end":{"line":245,"column":2}}},"10":{"name":"_writeSnapshot","line":270,"loc":{"start":{"line":270,"column":2},"end":{"line":292,"column":2}}},"11":{"name":"_getDelegatee","line":300,"loc":{"start":{"line":300,"column":2},"end":{"line":312,"column":2}}}},"statementMap":{"1":{"start":{"line":37,"column":4},"end":{"line":37,"column":57}},"2":{"start":{"line":45,"column":4},"end":{"line":45,"column":70}},"3":{"start":{"line":46,"column":4},"end":{"line":46,"column":75}},"4":{"start":{"line":59,"column":4},"end":{"line":59,"column":98}},"5":{"start":{"line":61,"column":4},"end":{"line":61,"column":46}},"6":{"start":{"line":75,"column":4},"end":{"line":75,"column":2467}},"7":{"start":{"line":81,"column":4},"end":{"line":81,"column":79}},"8":{"start":{"line":93,"column":4},"end":{"line":93,"column":3002}},"9":{"start":{"line":99,"column":4},"end":{"line":99,"column":78}},"10":{"start":{"line":109,"column":4},"end":{"line":109,"column":30}},"11":{"start":{"line":122,"column":4},"end":{"line":122,"column":56}},"12":{"start":{"line":124,"column":4},"end":{"line":124,"column":98}},"13":{"start":{"line":126,"column":4},"end":{"line":126,"column":51}},"14":{"start":{"line":128,"column":4},"end":{"line":128,"column":67}},"15":{"start":{"line":130,"column":4},"end":{"line":130,"column":35}},"16":{"start":{"line":132,"column":4},"end":{"line":132,"column":87}},"17":{"start":{"line":133,"column":4},"end":{"line":133,"column":62}},"18":{"start":{"line":149,"column":4},"end":{"line":149,"column":5035}},"19":{"start":{"line":150,"column":6},"end":{"line":150,"column":12}},"20":{"start":{"line":153,"column":4},"end":{"line":153,"column":5122}},"21":{"start":{"line":159,"column":4},"end":{"line":159,"column":5269}},"22":{"start":{"line":160,"column":6},"end":{"line":160,"column":26}},"23":{"start":{"line":161,"column":6},"end":{"line":161,"column":56}},"24":{"start":{"line":163,"column":6},"end":{"line":163,"column":5390}},"25":{"start":{"line":164,"column":8},"end":{"line":164,"column":63}},"26":{"start":{"line":166,"column":8},"end":{"line":166,"column":33}},"27":{"start":{"line":169,"column":6},"end":{"line":169,"column":5553}},"28":{"start":{"line":177,"column":6},"end":{"line":177,"column":76}},"29":{"start":{"line":179,"column":4},"end":{"line":179,"column":5788}},"30":{"start":{"line":180,"column":6},"end":{"line":180,"column":26}},"31":{"start":{"line":181,"column":6},"end":{"line":181,"column":52}},"32":{"start":{"line":182,"column":6},"end":{"line":182,"column":5902}},"33":{"start":{"line":183,"column":8},"end":{"line":183,"column":59}},"34":{"start":{"line":185,"column":8},"end":{"line":185,"column":31}},"35":{"start":{"line":188,"column":6},"end":{"line":188,"column":6057}},"36":{"start":{"line":196,"column":6},"end":{"line":196,"column":74}},"37":{"start":{"line":213,"column":4},"end":{"line":213,"column":63}},"38":{"start":{"line":215,"column":4},"end":{"line":215,"column":50}},"39":{"start":{"line":217,"column":4},"end":{"line":217,"column":6954}},"40":{"start":{"line":218,"column":6},"end":{"line":218,"column":28}},"41":{"start":{"line":222,"column":4},"end":{"line":222,"column":7061}},"42":{"start":{"line":223,"column":6},"end":{"line":223,"column":54}},"43":{"start":{"line":227,"column":4},"end":{"line":227,"column":7238}},"44":{"start":{"line":228,"column":6},"end":{"line":228,"column":14}},"45":{"start":{"line":231,"column":4},"end":{"line":231,"column":21}},"46":{"start":{"line":232,"column":4},"end":{"line":232,"column":38}},"47":{"start":{"line":233,"column":4},"end":{"line":233,"column":7380}},"48":{"start":{"line":234,"column":6},"end":{"line":234,"column":50}},"49":{"start":{"line":235,"column":6},"end":{"line":235,"column":56}},"50":{"start":{"line":236,"column":6},"end":{"line":236,"column":7549}},"51":{"start":{"line":237,"column":8},"end":{"line":237,"column":29}},"52":{"start":{"line":238,"column":13},"end":{"line":238,"column":7636}},"53":{"start":{"line":239,"column":8},"end":{"line":239,"column":21}},"54":{"start":{"line":241,"column":8},"end":{"line":241,"column":25}},"55":{"start":{"line":244,"column":4},"end":{"line":244,"column":39}},"56":{"start":{"line":277,"column":4},"end":{"line":277,"column":48}},"57":{"start":{"line":279,"column":4},"end":{"line":279,"column":56}},"58":{"start":{"line":280,"column":4},"end":{"line":280,"column":74}},"59":{"start":{"line":283,"column":4},"end":{"line":283,"column":9317}},"60":{"start":{"line":287,"column":6},"end":{"line":287,"column":61}},"61":{"start":{"line":289,"column":6},"end":{"line":289,"column":75}},"62":{"start":{"line":290,"column":6},"end":{"line":290,"column":53}},"63":{"start":{"line":305,"column":4},"end":{"line":305,"column":52}},"64":{"start":{"line":307,"column":4},"end":{"line":307,"column":10195}},"65":{"start":{"line":308,"column":6},"end":{"line":308,"column":22}},"66":{"start":{"line":311,"column":4},"end":{"line":311,"column":28}}},"branchMap":{"1":{"line":122,"type":"if","locations":[{"start":{"line":122,"column":4},"end":{"line":122,"column":4}},{"start":{"line":122,"column":4},"end":{"line":122,"column":4}}]},"2":{"line":149,"type":"if","locations":[{"start":{"line":149,"column":4},"end":{"line":149,"column":4}},{"start":{"line":149,"column":4},"end":{"line":149,"column":4}}]},"3":{"line":159,"type":"if","locations":[{"start":{"line":159,"column":4},"end":{"line":159,"column":4}},{"start":{"line":159,"column":4},"end":{"line":159,"column":4}}]},"4":{"line":163,"type":"if","locations":[{"start":{"line":163,"column":6},"end":{"line":163,"column":6}},{"start":{"line":163,"column":6},"end":{"line":163,"column":6}}]},"5":{"line":179,"type":"if","locations":[{"start":{"line":179,"column":4},"end":{"line":179,"column":4}},{"start":{"line":179,"column":4},"end":{"line":179,"column":4}}]},"6":{"line":182,"type":"if","locations":[{"start":{"line":182,"column":6},"end":{"line":182,"column":6}},{"start":{"line":182,"column":6},"end":{"line":182,"column":6}}]},"7":{"line":213,"type":"if","locations":[{"start":{"line":213,"column":4},"end":{"line":213,"column":4}},{"start":{"line":213,"column":4},"end":{"line":213,"column":4}}]},"8":{"line":217,"type":"if","locations":[{"start":{"line":217,"column":4},"end":{"line":217,"column":4}},{"start":{"line":217,"column":4},"end":{"line":217,"column":4}}]},"9":{"line":222,"type":"if","locations":[{"start":{"line":222,"column":4},"end":{"line":222,"column":4}},{"start":{"line":222,"column":4},"end":{"line":222,"column":4}}]},"10":{"line":227,"type":"if","locations":[{"start":{"line":227,"column":4},"end":{"line":227,"column":4}},{"start":{"line":227,"column":4},"end":{"line":227,"column":4}}]},"11":{"line":236,"type":"if","locations":[{"start":{"line":236,"column":6},"end":{"line":236,"column":6}},{"start":{"line":236,"column":6},"end":{"line":236,"column":6}}]},"12":{"line":238,"type":"if","locations":[{"start":{"line":238,"column":13},"end":{"line":238,"column":13}},{"start":{"line":238,"column":13},"end":{"line":238,"column":13}}]},"13":{"line":283,"type":"if","locations":[{"start":{"line":283,"column":4},"end":{"line":283,"column":4}},{"start":{"line":283,"column":4},"end":{"line":283,"column":4}}]},"14":{"line":307,"type":"if","locations":[{"start":{"line":307,"column":4},"end":{"line":307,"column":4}},{"start":{"line":307,"column":4},"end":{"line":307,"column":4}}]}}},"contracts/utils/DoubleTransferHelper.sol":{"l":{"11":3,"15":1,"16":1},"path":"/Users/lock/defi/accu-finance/accu-token/contracts/utils/DoubleTransferHelper.sol","s":{"1":3,"2":1,"3":1},"b":{},"f":{"1":3,"2":1},"fnMap":{"1":{"name":"constructor","line":10,"loc":{"start":{"line":10,"column":4},"end":{"line":12,"column":4}}},"2":{"name":"doubleSend","line":14,"loc":{"start":{"line":14,"column":4},"end":{"line":17,"column":4}}}},"statementMap":{"1":{"start":{"line":11,"column":8},"end":{"line":11,"column":18}},"2":{"start":{"line":15,"column":8},"end":{"line":15,"column":33}},"3":{"start":{"line":16,"column":8},"end":{"line":16,"column":33}}},"branchMap":{}},"contracts/utils/MintableErc20.sol":{"l":{"12":0,"20":0,"21":0},"path":"/Users/lock/defi/accu-finance/accu-token/contracts/utils/MintableErc20.sol","s":{"1":0,"2":0,"3":0},"b":{},"f":{"1":0,"2":0},"fnMap":{"1":{"name":"constructor","line":11,"loc":{"start":{"line":11,"column":4},"end":{"line":13,"column":4}}},"2":{"name":"mint","line":19,"loc":{"start":{"line":19,"column":4},"end":{"line":22,"column":4}}}},"statementMap":{"1":{"start":{"line":12,"column":8},"end":{"line":12,"column":31}},"2":{"start":{"line":20,"column":8},"end":{"line":20,"column":31}},"3":{"start":{"line":21,"column":8},"end":{"line":21,"column":19}}},"branchMap":{}},"contracts/utils/MockTransferHook.sol":{"l":{"10":0},"path":"/Users/lock/defi/accu-finance/accu-token/contracts/utils/MockTransferHook.sol","s":{"1":0},"b":{},"f":{"1":0},"fnMap":{"1":{"name":"onTransfer","line":9,"loc":{"start":{"line":9,"column":4},"end":{"line":11,"column":4}}}},"statementMap":{"1":{"start":{"line":10,"column":8},"end":{"line":10,"column":28}}},"branchMap":{}},"contracts/utils/VersionedInitializable.sol":{"l":{"28":2,"29":2,"31":2,"33":2},"path":"/Users/lock/defi/accu-finance/accu-token/contracts/utils/VersionedInitializable.sol","s":{"1":2,"2":2,"3":2},"b":{"1":[2,0]},"f":{"1":2},"fnMap":{"1":{"name":"initializer","line":27,"loc":{"start":{"line":27,"column":4},"end":{"line":35,"column":4}}}},"statementMap":{"1":{"start":{"line":28,"column":8},"end":{"line":28,"column":40}},"2":{"start":{"line":29,"column":8},"end":{"line":29,"column":100}},"3":{"start":{"line":31,"column":8},"end":{"line":31,"column":41}}},"branchMap":{"1":{"line":29,"type":"if","locations":[{"start":{"line":29,"column":8},"end":{"line":29,"column":8}},{"start":{"line":29,"column":8},"end":{"line":29,"column":8}}]}}}}